# JRE version: OpenJDK Runtime Environment (11.0.11+9) (build 11.0.11+9-b60-7590822)
# Java VM: OpenJDK 64-Bit Server VM (11.0.11+9-b60-7590822, mixed mode, tiered, compressed oops, g1 gc, windows-amd64)
Heap:
 garbage-first heap   total 260096K, used 146833K [0x0000000080000000, 0x0000000100000000)
  region size 1024K, 90 young (92160K), 15 survivors (15360K)
 Metaspace       used 84981K, capacity 87088K, committed 87372K, reserved 1126400K
  class space    used 10931K, capacity 11734K, committed 11852K, reserved 1048576K
GC Heap History (20 events):
Event: 3.232 GC heap before
{Heap before GC invocations=3 (full 0):
 garbage-first heap   total 260096K, used 58320K [0x0000000080000000, 0x0000000100000000)
  region size 1024K, 49 young (50176K), 4 survivors (4096K)
 Metaspace       used 18082K, capacity 18453K, committed 18688K, reserved 1064960K
  class space    used 2160K, capacity 2285K, committed 2304K, reserved 1048576K
}
Event: 3.237 GC heap after
{Heap after GC invocations=4 (full 0):
 garbage-first heap   total 260096K, used 16103K [0x0000000080000000, 0x0000000100000000)
  region size 1024K, 7 young (7168K), 7 survivors (7168K)
 Metaspace       used 18082K, capacity 18453K, committed 18688K, reserved 1064960K
  class space    used 2160K, capacity 2285K, committed 2304K, reserved 1048576K
}
Event: 3.559 GC heap before
{Heap before GC invocations=4 (full 0):
 garbage-first heap   total 260096K, used 37607K [0x0000000080000000, 0x0000000100000000)
  region size 1024K, 29 young (29696K), 7 survivors (7168K)
 Metaspace       used 20681K, capacity 21083K, committed 21248K, reserved 1067008K
  class space    used 2540K, capacity 2693K, committed 2816K, reserved 1048576K
}
Event: 3.564 GC heap after
{Heap after GC invocations=5 (full 0):
 garbage-first heap   total 260096K, used 17015K [0x0000000080000000, 0x0000000100000000)
  region size 1024K, 8 young (8192K), 8 survivors (8192K)
 Metaspace       used 20681K, capacity 21083K, committed 21248K, reserved 1067008K
  class space    used 2540K, capacity 2693K, committed 2816K, reserved 1048576K
}
Event: 4.627 GC heap before
{Heap before GC invocations=6 (full 0):
 garbage-first heap   total 260096K, used 75383K [0x0000000080000000, 0x0000000100000000)
  region size 1024K, 65 young (66560K), 8 survivors (8192K)
 Metaspace       used 26457K, capacity 26974K, committed 27008K, reserved 1073152K
  class space    used 3477K, capacity 3685K, committed 3712K, reserved 1048576K
}
Event: 4.635 GC heap after
{Heap after GC invocations=7 (full 0):
 garbage-first heap   total 260096K, used 19335K [0x0000000080000000, 0x0000000100000000)
  region size 1024K, 4 young (4096K), 4 survivors (4096K)
 Metaspace       used 26457K, capacity 26974K, committed 27008K, reserved 1073152K
  class space    used 3477K, capacity 3685K, committed 3712K, reserved 1048576K
}
Event: 6.410 GC heap before
{Heap before GC invocations=7 (full 0):
 garbage-first heap   total 260096K, used 71559K [0x0000000080000000, 0x0000000100000000)
  region size 1024K, 56 young (57344K), 4 survivors (4096K)
 Metaspace       used 35017K, capacity 35794K, committed 35840K, reserved 1081344K
  class space    used 4555K, capacity 4863K, committed 4864K, reserved 1048576K
}
Event: 6.425 GC heap after
{Heap after GC invocations=8 (full 0):
 garbage-first heap   total 260096K, used 22630K [0x0000000080000000, 0x0000000100000000)
  region size 1024K, 7 young (7168K), 7 survivors (7168K)
 Metaspace       used 35017K, capacity 35794K, committed 35840K, reserved 1081344K
  class space    used 4555K, capacity 4863K, committed 4864K, reserved 1048576K
}
Event: 9.192 GC heap before
{Heap before GC invocations=9 (full 0):
 garbage-first heap   total 260096K, used 125030K [0x0000000080000000, 0x0000000100000000)
  region size 1024K, 104 young (106496K), 7 survivors (7168K)
 Metaspace       used 43694K, capacity 44724K, committed 44876K, reserved 1087488K
  class space    used 5579K, capacity 5947K, committed 5964K, reserved 1048576K
}
Event: 9.209 GC heap after
{Heap after GC invocations=10 (full 0):
 garbage-first heap   total 260096K, used 28726K [0x0000000080000000, 0x0000000100000000)
  region size 1024K, 13 young (13312K), 13 survivors (13312K)
 Metaspace       used 43694K, capacity 44724K, committed 44876K, reserved 1087488K
  class space    used 5579K, capacity 5947K, committed 5964K, reserved 1048576K
}
Event: 12.571 GC heap before
{Heap before GC invocations=10 (full 0):
 garbage-first heap   total 260096K, used 170038K [0x0000000080000000, 0x0000000100000000)
  region size 1024K, 146 young (149504K), 13 survivors (13312K)
 Metaspace       used 54163K, capacity 55410K, committed 55628K, reserved 1097728K
  class space    used 6908K, capacity 7381K, committed 7500K, reserved 1048576K
}
Event: 12.596 GC heap after
{Heap after GC invocations=11 (full 0):
 garbage-first heap   total 260096K, used 44427K [0x0000000080000000, 0x0000000100000000)
  region size 1024K, 19 young (19456K), 19 survivors (19456K)
 Metaspace       used 54163K, capacity 55410K, committed 55628K, reserved 1097728K
  class space    used 6908K, capacity 7381K, committed 7500K, reserved 1048576K
}
Event: 13.361 GC heap before
{Heap before GC invocations=11 (full 0):
 garbage-first heap   total 260096K, used 74123K [0x0000000080000000, 0x0000000100000000)
  region size 1024K, 49 young (50176K), 19 survivors (19456K)
 Metaspace       used 58758K, capacity 60164K, committed 60288K, reserved 1101824K
  class space    used 7418K, capacity 7938K, committed 8012K, reserved 1048576K
}
Event: 13.383 GC heap after
{Heap after GC invocations=12 (full 0):
 garbage-first heap   total 260096K, used 46649K [0x0000000080000000, 0x0000000100000000)
  region size 1024K, 2 young (2048K), 2 survivors (2048K)
 Metaspace       used 58758K, capacity 60164K, committed 60288K, reserved 1101824K
  class space    used 7418K, capacity 7938K, committed 8012K, reserved 1048576K
}
Event: 15.514 GC heap before
{Heap before GC invocations=13 (full 0):
 garbage-first heap   total 260096K, used 157241K [0x0000000080000000, 0x0000000100000000)
  region size 1024K, 110 young (112640K), 2 survivors (2048K)
 Metaspace       used 66963K, capacity 68537K, committed 68684K, reserved 1110016K
  class space    used 8448K, capacity 9010K, committed 9036K, reserved 1048576K
}
Event: 15.535 GC heap after
{Heap after GC invocations=14 (full 0):
 garbage-first heap   total 260096K, used 54764K [0x0000000080000000, 0x0000000100000000)
  region size 1024K, 10 young (10240K), 10 survivors (10240K)
 Metaspace       used 66963K, capacity 68537K, committed 68684K, reserved 1110016K
  class space    used 8448K, capacity 9010K, committed 9036K, reserved 1048576K
}
Event: 17.901 GC heap before
{Heap before GC invocations=15 (full 0):
 garbage-first heap   total 260096K, used 168428K [0x0000000080000000, 0x0000000100000000)
  region size 1024K, 121 young (123904K), 10 survivors (10240K)
 Metaspace       used 79154K, capacity 80946K, committed 81100K, reserved 1120256K
  class space    used 10266K, capacity 10932K, committed 10956K, reserved 1048576K
}
Event: 17.919 GC heap after
{Heap after GC invocations=16 (full 0):
 garbage-first heap   total 260096K, used 62607K [0x0000000080000000, 0x0000000100000000)
  region size 1024K, 8 young (8192K), 8 survivors (8192K)
 Metaspace       used 79154K, capacity 80946K, committed 81100K, reserved 1120256K
  class space    used 10266K, capacity 10932K, committed 10956K, reserved 1048576K
}
Event: 20.574 GC heap before
{Heap before GC invocations=16 (full 0):
 garbage-first heap   total 260096K, used 176271K [0x0000000080000000, 0x0000000100000000)
  region size 1024K, 120 young (122880K), 8 survivors (8192K)
 Metaspace       used 84096K, capacity 86185K, committed 86476K, reserved 1124352K
  class space    used 10820K, capacity 11606K, committed 11724K, reserved 1048576K
}
Event: 20.592 GC heap after
{Heap after GC invocations=17 (full 0):
 garbage-first heap   total 260096K, used 72081K [0x0000000080000000, 0x0000000100000000)
  region size 1024K, 15 young (15360K), 15 survivors (15360K)
 Metaspace       used 84096K, capacity 86185K, committed 86476K, reserved 1124352K
  class space    used 10820K, capacity 11606K, committed 11724K, reserved 1048576K
}

